2024-06-23T14:26:46  chore: tune defaults
2024-07-10T09:43:53  refactor: simplify helper
2024-08-03T16:00:00  chore: routine maintenance
2024-08-28T11:17:07  docs: clarify usage notes
2024-09-14T18:34:14  test: add edge case
2024-10-09T13:51:21  refactor: tidy internals
2024-11-02T08:08:28  fix: handle empty input gracefully
2024-11-20T15:25:35  perf: micro-optimization
2024-12-14T10:42:42  style: formatting
2025-01-08T17:59:49  chore: bump dev tooling
2025-02-01T12:16:56  docs: expand examples
2025-03-15T19:33:03  test: strengthen coverage
2025-04-08T14:50:10  chore: tune defaults
2025-05-03T09:07:17  refactor: simplify helper
2025-05-20T16:24:24  chore: routine maintenance
2025-06-14T11:41:31  docs: clarify usage notes
2025-07-08T18:58:38  test: add edge case
2025-08-01T13:15:45  refactor: tidy internals
2025-08-19T08:32:52  fix: handle empty input gracefully
2025-09-12T15:49:59  perf: micro-optimization
2025-10-07T10:06:06  style: formatting
2025-11-17T17:23:13  chore: bump dev tooling
2025-12-12T12:40:20  docs: expand examples
2026-01-05T19:57:27  test: strengthen coverage
2026-01-23T14:14:34  chore: tune defaults
2026-02-16T09:31:41  refactor: simplify helper
2026-03-13T16:48:48  chore: routine maintenance
2026-04-06T11:05:55  docs: clarify usage notes
2026-04-24T18:22:02  test: add edge case
2026-05-18T13:39:09  refactor: tidy internals
2024-09-15T14:26:46  feat: ARCHON signed off on this
